-------------------------------------------------------------------------------
Test set: TestClass
-------------------------------------------------------------------------------
Tests run: 1, Failures: 0, Errors: 1, Skipped: 0, Time elapsed: 1.375 sec <<< FAILURE!
DoTest(TestClass)  Time elapsed: 1.333 sec  <<< ERROR!
com.fasterxml.jackson.databind.exc.UnrecognizedPropertyException: Unrecognized field "ok" (class Entity.From), not marked as ignorable (6 known properties: "is_bot", "language_code", "username", "first_name", "id", "last_name"])
 at [Source: {"ok":true,"result":[{"update_id":606267422,
"message":{"message_id":170,"from":{"id":181695409,"is_bot":false,"first_name":"HearthWarrio","username":"HearthWarrio","language_code":"ru"},"chat":{"id":181695409,"first_name":"HearthWarrio","username":"HearthWarrio","type":"private"},"date":1603977550,"text":"/help","entities":[{"offset":0,"length":5,"type":"bot_command"}]}},{"update_id":606267423,
"message":{"message_id":171,"from":{"id":583999720,"is_bot":false,"first_name":"\u041d\u0438\u043a\u0438\u0442\u0430","last_name":"\u0420\u0430\u0437\u0443\u0432\u0430\u0435\u0432","username":"neksword","language_code":"en"},"chat":{"id":583999720,"first_name":"\u041d\u0438\u043a\u0438\u0442\u0430","last_name":"\u0420\u0430\u0437\u0443\u0432\u0430\u0435\u0432","username":"neksword","type":"private"},"date":1603977582,"text":"\u044b\u0446\u043f\u044b\u0446\u043f"}},{"update_id":606267424,
"message":{"message_id":172,"from":{"id":583999720,"is_bot":false,"first_name":"\u041d\u0438\u043a\u0438\u0442\u0430","last_name":"\u0420\u0430\u0437\u0443\u0432\u0430\u0435\u0432","username":"neksword","language_code":"en"},"chat":{"id":583999720,"first_name":"\u041d\u0438\u043a\u0438\u0442\u0430","last_name":"\u0420\u0430\u0437\u0443\u0432\u0430\u0435\u0432","username":"neksword","type":"private"},"date":1603977582,"text":"\u043f"}},{"update_id":606267425,
"message":{"message_id":173,"from":{"id":583999720,"is_bot":false,"first_name":"\u041d\u0438\u043a\u0438\u0442\u0430","last_name":"\u0420\u0430\u0437\u0443\u0432\u0430\u0435\u0432","username":"neksword","language_code":"en"},"chat":{"id":583999720,"first_name":"\u041d\u0438\u043a\u0438\u0442\u0430","last_name":"\u0420\u0430\u0437\u0443\u0432\u0430\u0435\u0432","username":"neksword","type":"private"},"date":1603977582,"text":"\u0443\u043a\u043f\u0443"}},{"update_id":606267426,
"message":{"message_id":174,"from":{"id":583999720,"is_bot":false,"first_name":"\u041d\u0438\u043a\u0438\u0442\u0430","last_name":"\u0420\u0430\u0437\u0443\u0432\u0430\u0435\u0432","username":"neksword","language_code":"en"},"chat":{"id":583999720,"first_name":"\u041d\u0438\u043a\u0438\u0442\u0430","last_name":"\u0420\u0430\u0437\u0443\u0432\u0430\u0435\u0432","username":"neksword","type":"private"},"date":1603977583,"text":"\u043f"}},{"update_id":606267427,
"message":{"message_id":175,"from":{"id":583999720,"is_bot":false,"first_name":"\u041d\u0438\u043a\u0438\u0442\u0430","last_name":"\u0420\u0430\u0437\u0443\u0432\u0430\u0435\u0432","username":"neksword","language_code":"en"},"chat":{"id":583999720,"first_name":"\u041d\u0438\u043a\u0438\u0442\u0430","last_name":"\u0420\u0430\u0437\u0443\u0432\u0430\u0435\u0432","username":"neksword","type":"private"},"date":1603977583,"text":"\u0443\u043f"}},{"update_id":606267428,
"message":{"message_id":176,"from":{"id":583999720,"is_bot":false,"first_name":"\u041d\u0438\u043a\u0438\u0442\u0430","last_name":"\u0420\u0430\u0437\u0443\u0432\u0430\u0435\u0432","username":"neksword","language_code":"en"},"chat":{"id":583999720,"first_name":"\u041d\u0438\u043a\u0438\u0442\u0430","last_name":"\u0420\u0430\u0437\u0443\u0432\u0430\u0435\u0432","username":"neksword","type":"private"},"date":1603977583,"text":"\u0443"}},{"update_id":606267429,
"message":{"message_id":177,"from":{"id":583999720,"is_bot":false,"first_name":"\u041d\u0438\u043a\u0438\u0442\u0430","last_name":"\u0420\u0430\u0437\u0443\u0432\u0430\u0435\u0432","username":"neksword","language_code":"en"},"chat":{"id":583999720,"first_name":"\u041d\u0438\u043a\u0438\u0442\u0430","last_name":"\u0420\u0430\u0437\u0443\u0432\u0430\u0435\u0432","username":"neksword","type":"private"},"date":1603977583,"text":"\u043f\u0443"}},{"update_id":606267430,
"message":{"message_id":178,"from":{"id":583999720,"is_bot":false,"first_name":"\u041d\u0438\u043a\u0438\u0442\u0430","last_name":"\u0420\u0430\u0437\u0443\u0432\u0430\u0435\u0432","username":"neksword","language_code":"en"},"chat":{"id":583999720,"first_name":"\u041d\u0438\u043a\u0438\u0442\u0430","last_name":"\u0420\u0430\u0437\u0443\u0432\u0430\u0435\u0432","username":"neksword","type":"private"},"date":1603977583,"text":"\u043f"}},{"update_id":606267431,
"message":{"message_id":179,"from":{"id":583999720,"is_bot":false,"first_name":"\u041d\u0438\u043a\u0438\u0442\u0430","last_name":"\u0420\u0430\u0437\u0443\u0432\u0430\u0435\u0432","username":"neksword","language_code":"en"},"chat":{"id":583999720,"first_name":"\u041d\u0438\u043a\u0438\u0442\u0430","last_name":"\u0420\u0430\u0437\u0443\u0432\u0430\u0435\u0432","username":"neksword","type":"private"},"date":1603977583,"text":"\u0443"}},{"update_id":606267432,
"message":{"message_id":180,"from":{"id":583999720,"is_bot":false,"first_name":"\u041d\u0438\u043a\u0438\u0442\u0430","last_name":"\u0420\u0430\u0437\u0443\u0432\u0430\u0435\u0432","username":"neksword","language_code":"en"},"chat":{"id":583999720,"first_name":"\u041d\u0438\u043a\u0438\u0442\u0430","last_name":"\u0420\u0430\u0437\u0443\u0432\u0430\u0435\u0432","username":"neksword","type":"private"},"date":1603977585,"text":"\u043f\u0443\u043f"}}]}; line: 1, column: 11] (through reference chain: Entity.From["ok"])
	at com.fasterxml.jackson.databind.exc.UnrecognizedPropertyException.from(UnrecognizedPropertyException.java:62)
	at com.fasterxml.jackson.databind.DeserializationContext.handleUnknownProperty(DeserializationContext.java:834)
	at com.fasterxml.jackson.databind.deser.std.StdDeserializer.handleUnknownProperty(StdDeserializer.java:1093)
	at com.fasterxml.jackson.databind.deser.BeanDeserializerBase.handleUnknownProperty(BeanDeserializerBase.java:1485)
	at com.fasterxml.jackson.databind.deser.BeanDeserializerBase.handleUnknownVanilla(BeanDeserializerBase.java:1463)
	at com.fasterxml.jackson.databind.deser.BeanDeserializer.vanillaDeserialize(BeanDeserializer.java:282)
	at com.fasterxml.jackson.databind.deser.BeanDeserializer.deserialize(BeanDeserializer.java:140)
	at com.fasterxml.jackson.databind.ObjectMapper._readMapAndClose(ObjectMapper.java:3798)
	at com.fasterxml.jackson.databind.ObjectMapper.readValue(ObjectMapper.java:2880)
	at com.fasterxml.jackson.databind.ObjectMapper$readValue$0.call(Unknown Source)
	at org.codehaus.groovy.runtime.callsite.CallSiteArray.defaultCall(CallSiteArray.java:47)
	at org.codehaus.groovy.runtime.callsite.AbstractCallSite.call(AbstractCallSite.java:115)
	at org.codehaus.groovy.runtime.callsite.AbstractCallSite.call(AbstractCallSite.java:135)
	at io.restassured.internal.path.json.mapping.JsonPathJackson2ObjectDeserializer.deserialize(JsonPathJackson2ObjectDeserializer.groovy:46)
	at io.restassured.path.json.mapping.JsonPathObjectDeserializer$deserialize.call(Unknown Source)
	at org.codehaus.groovy.runtime.callsite.CallSiteArray.defaultCall(CallSiteArray.java:47)
	at org.codehaus.groovy.runtime.callsite.AbstractCallSite.call(AbstractCallSite.java:115)
	at org.codehaus.groovy.runtime.callsite.AbstractCallSite.call(AbstractCallSite.java:127)
	at io.restassured.internal.mapping.Jackson2Mapper.deserialize(Jackson2Mapper.groovy:58)
	at io.restassured.mapper.ObjectMapper$deserialize.call(Unknown Source)
	at org.codehaus.groovy.runtime.callsite.CallSiteArray.defaultCall(CallSiteArray.java:47)
	at org.codehaus.groovy.runtime.callsite.AbstractCallSite.call(AbstractCallSite.java:115)
	at org.codehaus.groovy.runtime.callsite.AbstractCallSite.call(AbstractCallSite.java:127)
	at io.restassured.internal.mapping.ObjectMapping.parseWithJackson2(ObjectMapping.groovy:221)
	at io.restassured.internal.mapping.ObjectMapping$parseWithJackson2$0.callStatic(Unknown Source)
	at org.codehaus.groovy.runtime.callsite.CallSiteArray.defaultCallStatic(CallSiteArray.java:55)
	at org.codehaus.groovy.runtime.callsite.AbstractCallSite.callStatic(AbstractCallSite.java:196)
	at org.codehaus.groovy.runtime.callsite.AbstractCallSite.callStatic(AbstractCallSite.java:216)
	at io.restassured.internal.mapping.ObjectMapping.deserialize(ObjectMapping.groovy:58)
	at io.restassured.internal.mapping.ObjectMapping$deserialize.call(Unknown Source)
	at org.codehaus.groovy.runtime.callsite.CallSiteArray.defaultCall(CallSiteArray.java:47)
	at org.codehaus.groovy.runtime.callsite.AbstractCallSite.call(AbstractCallSite.java:115)
	at io.restassured.internal.RestAssuredResponseOptionsGroovyImpl.as(RestAssuredResponseOptionsGroovyImpl.groovy:224)
	at io.restassured.internal.RestAssuredResponseOptionsImpl.as(RestAssuredResponseOptionsImpl.java:169)
	at TestClass.DoTest(TestClass.java:12)
	at java.base/jdk.internal.reflect.NativeMethodAccessorImpl.invoke0(Native Method)
	at java.base/jdk.internal.reflect.NativeMethodAccessorImpl.invoke(NativeMethodAccessorImpl.java:62)
	at java.base/jdk.internal.reflect.DelegatingMethodAccessorImpl.invoke(DelegatingMethodAccessorImpl.java:43)
	at java.base/java.lang.reflect.Method.invoke(Method.java:567)
	at org.junit.runners.model.FrameworkMethod$1.runReflectiveCall(FrameworkMethod.java:59)
	at org.junit.internal.runners.model.ReflectiveCallable.run(ReflectiveCallable.java:12)
	at org.junit.runners.model.FrameworkMethod.invokeExplosively(FrameworkMethod.java:56)
	at org.junit.internal.runners.statements.InvokeMethod.evaluate(InvokeMethod.java:17)
	at org.junit.runners.ParentRunner$3.evaluate(ParentRunner.java:306)
	at org.junit.runners.BlockJUnit4ClassRunner$1.evaluate(BlockJUnit4ClassRunner.java:100)
	at org.junit.runners.ParentRunner.runLeaf(ParentRunner.java:366)
	at org.junit.runners.BlockJUnit4ClassRunner.runChild(BlockJUnit4ClassRunner.java:103)
	at org.junit.runners.BlockJUnit4ClassRunner.runChild(BlockJUnit4ClassRunner.java:63)
	at org.junit.runners.ParentRunner$4.run(ParentRunner.java:331)
	at org.junit.runners.ParentRunner$1.schedule(ParentRunner.java:79)
	at org.junit.runners.ParentRunner.runChildren(ParentRunner.java:329)
	at org.junit.runners.ParentRunner.access$100(ParentRunner.java:66)
	at org.junit.runners.ParentRunner$2.evaluate(ParentRunner.java:293)
	at org.junit.runners.ParentRunner$3.evaluate(ParentRunner.java:306)
	at org.junit.runners.ParentRunner.run(ParentRunner.java:413)
	at org.apache.maven.surefire.junit4.JUnit4Provider.execute(JUnit4Provider.java:252)
	at org.apache.maven.surefire.junit4.JUnit4Provider.executeTestSet(JUnit4Provider.java:141)
	at org.apache.maven.surefire.junit4.JUnit4Provider.invoke(JUnit4Provider.java:112)
	at java.base/jdk.internal.reflect.NativeMethodAccessorImpl.invoke0(Native Method)
	at java.base/jdk.internal.reflect.NativeMethodAccessorImpl.invoke(NativeMethodAccessorImpl.java:62)
	at java.base/jdk.internal.reflect.DelegatingMethodAccessorImpl.invoke(DelegatingMethodAccessorImpl.java:43)
	at java.base/java.lang.reflect.Method.invoke(Method.java:567)
	at org.apache.maven.surefire.util.ReflectionUtils.invokeMethodWithArray(ReflectionUtils.java:189)
	at org.apache.maven.surefire.booter.ProviderFactory$ProviderProxy.invoke(ProviderFactory.java:165)
	at org.apache.maven.surefire.booter.ProviderFactory.invokeProvider(ProviderFactory.java:85)
	at org.apache.maven.surefire.booter.ForkedBooter.runSuitesInProcess(ForkedBooter.java:115)
	at org.apache.maven.surefire.booter.ForkedBooter.main(ForkedBooter.java:75)

