<?xml version="1.0" encoding="UTF-8" ?>
<testsuite tests="1" failures="0" name="TestClass" time="1.333" errors="1" skipped="0">
  <properties>
[...]
</properties>
  <testcase classname="TestClass" name="DoTest" time="1.333">
    <error message="Unrecognized field &quot;ok&quot; (class Entity.From), not marked as ignorable (6 known properties: &quot;is_bot&quot;, &quot;language_code&quot;, &quot;username&quot;, &quot;first_name&quot;, &quot;id&quot;, &quot;last_name&quot;])
 at [Source: {&quot;ok&quot;:true,&quot;result&quot;:[{&quot;update_id&quot;:606267422,
&quot;message&quot;:{&quot;message_id&quot;:170,&quot;from&quot;:{&quot;id&quot;:181695409,&quot;is_bot&quot;:false,&quot;first_name&quot;:&quot;HearthWarrio&quot;,&quot;username&quot;:&quot;HearthWarrio&quot;,&quot;language_code&quot;:&quot;ru&quot;},&quot;chat&quot;:{&quot;id&quot;:181695409,&quot;first_name&quot;:&quot;HearthWarrio&quot;,&quot;username&quot;:&quot;HearthWarrio&quot;,&quot;type&quot;:&quot;private&quot;},&quot;date&quot;:1603977550,&quot;text&quot;:&quot;/help&quot;,&quot;entities&quot;:[{&quot;offset&quot;:0,&quot;length&quot;:5,&quot;type&quot;:&quot;bot_command&quot;}]}},{&quot;update_id&quot;:606267423,
&quot;message&quot;:{&quot;message_id&quot;:171,&quot;from&quot;:{&quot;id&quot;:583999720,&quot;is_bot&quot;:false,&quot;first_name&quot;:&quot;\u041d\u0438\u043a\u0438\u0442\u0430&quot;,&quot;last_name&quot;:&quot;\u0420\u0430\u0437\u0443\u0432\u0430\u0435\u0432&quot;,&quot;username&quot;:&quot;neksword&quot;,&quot;language_code&quot;:&quot;en&quot;},&quot;chat&quot;:{&quot;id&quot;:583999720,&quot;first_name&quot;:&quot;\u041d\u0438\u043a\u0438\u0442\u0430&quot;,&quot;last_name&quot;:&quot;\u0420\u0430\u0437\u0443\u0432\u0430\u0435\u0432&quot;,&quot;username&quot;:&quot;neksword&quot;,&quot;type&quot;:&quot;private&quot;},&quot;date&quot;:1603977582,&quot;text&quot;:&quot;\u044b\u0446\u043f\u044b\u0446\u043f&quot;}},{&quot;update_id&quot;:606267424,
&quot;message&quot;:{&quot;message_id&quot;:172,&quot;from&quot;:{&quot;id&quot;:583999720,&quot;is_bot&quot;:false,&quot;first_name&quot;:&quot;\u041d\u0438\u043a\u0438\u0442\u0430&quot;,&quot;last_name&quot;:&quot;\u0420\u0430\u0437\u0443\u0432\u0430\u0435\u0432&quot;,&quot;username&quot;:&quot;neksword&quot;,&quot;language_code&quot;:&quot;en&quot;},&quot;chat&quot;:{&quot;id&quot;:583999720,&quot;first_name&quot;:&quot;\u041d\u0438\u043a\u0438\u0442\u0430&quot;,&quot;last_name&quot;:&quot;\u0420\u0430\u0437\u0443\u0432\u0430\u0435\u0432&quot;,&quot;username&quot;:&quot;neksword&quot;,&quot;type&quot;:&quot;private&quot;},&quot;date&quot;:1603977582,&quot;text&quot;:&quot;\u043f&quot;}},{&quot;update_id&quot;:606267425,
&quot;message&quot;:{&quot;message_id&quot;:173,&quot;from&quot;:{&quot;id&quot;:583999720,&quot;is_bot&quot;:false,&quot;first_name&quot;:&quot;\u041d\u0438\u043a\u0438\u0442\u0430&quot;,&quot;last_name&quot;:&quot;\u0420\u0430\u0437\u0443\u0432\u0430\u0435\u0432&quot;,&quot;username&quot;:&quot;neksword&quot;,&quot;language_code&quot;:&quot;en&quot;},&quot;chat&quot;:{&quot;id&quot;:583999720,&quot;first_name&quot;:&quot;\u041d\u0438\u043a\u0438\u0442\u0430&quot;,&quot;last_name&quot;:&quot;\u0420\u0430\u0437\u0443\u0432\u0430\u0435\u0432&quot;,&quot;username&quot;:&quot;neksword&quot;,&quot;type&quot;:&quot;private&quot;},&quot;date&quot;:1603977582,&quot;text&quot;:&quot;\u0443\u043a\u043f\u0443&quot;}},{&quot;update_id&quot;:606267426,
&quot;message&quot;:{&quot;message_id&quot;:174,&quot;from&quot;:{&quot;id&quot;:583999720,&quot;is_bot&quot;:false,&quot;first_name&quot;:&quot;\u041d\u0438\u043a\u0438\u0442\u0430&quot;,&quot;last_name&quot;:&quot;\u0420\u0430\u0437\u0443\u0432\u0430\u0435\u0432&quot;,&quot;username&quot;:&quot;neksword&quot;,&quot;language_code&quot;:&quot;en&quot;},&quot;chat&quot;:{&quot;id&quot;:583999720,&quot;first_name&quot;:&quot;\u041d\u0438\u043a\u0438\u0442\u0430&quot;,&quot;last_name&quot;:&quot;\u0420\u0430\u0437\u0443\u0432\u0430\u0435\u0432&quot;,&quot;username&quot;:&quot;neksword&quot;,&quot;type&quot;:&quot;private&quot;},&quot;date&quot;:1603977583,&quot;text&quot;:&quot;\u043f&quot;}},{&quot;update_id&quot;:606267427,
&quot;message&quot;:{&quot;message_id&quot;:175,&quot;from&quot;:{&quot;id&quot;:583999720,&quot;is_bot&quot;:false,&quot;first_name&quot;:&quot;\u041d\u0438\u043a\u0438\u0442\u0430&quot;,&quot;last_name&quot;:&quot;\u0420\u0430\u0437\u0443\u0432\u0430\u0435\u0432&quot;,&quot;username&quot;:&quot;neksword&quot;,&quot;language_code&quot;:&quot;en&quot;},&quot;chat&quot;:{&quot;id&quot;:583999720,&quot;first_name&quot;:&quot;\u041d\u0438\u043a\u0438\u0442\u0430&quot;,&quot;last_name&quot;:&quot;\u0420\u0430\u0437\u0443\u0432\u0430\u0435\u0432&quot;,&quot;username&quot;:&quot;neksword&quot;,&quot;type&quot;:&quot;private&quot;},&quot;date&quot;:1603977583,&quot;text&quot;:&quot;\u0443\u043f&quot;}},{&quot;update_id&quot;:606267428,
&quot;message&quot;:{&quot;message_id&quot;:176,&quot;from&quot;:{&quot;id&quot;:583999720,&quot;is_bot&quot;:false,&quot;first_name&quot;:&quot;\u041d\u0438\u043a\u0438\u0442\u0430&quot;,&quot;last_name&quot;:&quot;\u0420\u0430\u0437\u0443\u0432\u0430\u0435\u0432&quot;,&quot;username&quot;:&quot;neksword&quot;,&quot;language_code&quot;:&quot;en&quot;},&quot;chat&quot;:{&quot;id&quot;:583999720,&quot;first_name&quot;:&quot;\u041d\u0438\u043a\u0438\u0442\u0430&quot;,&quot;last_name&quot;:&quot;\u0420\u0430\u0437\u0443\u0432\u0430\u0435\u0432&quot;,&quot;username&quot;:&quot;neksword&quot;,&quot;type&quot;:&quot;private&quot;},&quot;date&quot;:1603977583,&quot;text&quot;:&quot;\u0443&quot;}},{&quot;update_id&quot;:606267429,
&quot;message&quot;:{&quot;message_id&quot;:177,&quot;from&quot;:{&quot;id&quot;:583999720,&quot;is_bot&quot;:false,&quot;first_name&quot;:&quot;\u041d\u0438\u043a\u0438\u0442\u0430&quot;,&quot;last_name&quot;:&quot;\u0420\u0430\u0437\u0443\u0432\u0430\u0435\u0432&quot;,&quot;username&quot;:&quot;neksword&quot;,&quot;language_code&quot;:&quot;en&quot;},&quot;chat&quot;:{&quot;id&quot;:583999720,&quot;first_name&quot;:&quot;\u041d\u0438\u043a\u0438\u0442\u0430&quot;,&quot;last_name&quot;:&quot;\u0420\u0430\u0437\u0443\u0432\u0430\u0435\u0432&quot;,&quot;username&quot;:&quot;neksword&quot;,&quot;type&quot;:&quot;private&quot;},&quot;date&quot;:1603977583,&quot;text&quot;:&quot;\u043f\u0443&quot;}},{&quot;update_id&quot;:606267430,
&quot;message&quot;:{&quot;message_id&quot;:178,&quot;from&quot;:{&quot;id&quot;:583999720,&quot;is_bot&quot;:false,&quot;first_name&quot;:&quot;\u041d\u0438\u043a\u0438\u0442\u0430&quot;,&quot;last_name&quot;:&quot;\u0420\u0430\u0437\u0443\u0432\u0430\u0435\u0432&quot;,&quot;username&quot;:&quot;neksword&quot;,&quot;language_code&quot;:&quot;en&quot;},&quot;chat&quot;:{&quot;id&quot;:583999720,&quot;first_name&quot;:&quot;\u041d\u0438\u043a\u0438\u0442\u0430&quot;,&quot;last_name&quot;:&quot;\u0420\u0430\u0437\u0443\u0432\u0430\u0435\u0432&quot;,&quot;username&quot;:&quot;neksword&quot;,&quot;type&quot;:&quot;private&quot;},&quot;date&quot;:1603977583,&quot;text&quot;:&quot;\u043f&quot;}},{&quot;update_id&quot;:606267431,
&quot;message&quot;:{&quot;message_id&quot;:179,&quot;from&quot;:{&quot;id&quot;:583999720,&quot;is_bot&quot;:false,&quot;first_name&quot;:&quot;\u041d\u0438\u043a\u0438\u0442\u0430&quot;,&quot;last_name&quot;:&quot;\u0420\u0430\u0437\u0443\u0432\u0430\u0435\u0432&quot;,&quot;username&quot;:&quot;neksword&quot;,&quot;language_code&quot;:&quot;en&quot;},&quot;chat&quot;:{&quot;id&quot;:583999720,&quot;first_name&quot;:&quot;\u041d\u0438\u043a\u0438\u0442\u0430&quot;,&quot;last_name&quot;:&quot;\u0420\u0430\u0437\u0443\u0432\u0430\u0435\u0432&quot;,&quot;username&quot;:&quot;neksword&quot;,&quot;type&quot;:&quot;private&quot;},&quot;date&quot;:1603977583,&quot;text&quot;:&quot;\u0443&quot;}},{&quot;update_id&quot;:606267432,
&quot;message&quot;:{&quot;message_id&quot;:180,&quot;from&quot;:{&quot;id&quot;:583999720,&quot;is_bot&quot;:false,&quot;first_name&quot;:&quot;\u041d\u0438\u043a\u0438\u0442\u0430&quot;,&quot;last_name&quot;:&quot;\u0420\u0430\u0437\u0443\u0432\u0430\u0435\u0432&quot;,&quot;username&quot;:&quot;neksword&quot;,&quot;language_code&quot;:&quot;en&quot;},&quot;chat&quot;:{&quot;id&quot;:583999720,&quot;first_name&quot;:&quot;\u041d\u0438\u043a\u0438\u0442\u0430&quot;,&quot;last_name&quot;:&quot;\u0420\u0430\u0437\u0443\u0432\u0430\u0435\u0432&quot;,&quot;username&quot;:&quot;neksword&quot;,&quot;type&quot;:&quot;private&quot;},&quot;date&quot;:1603977585,&quot;text&quot;:&quot;\u043f\u0443\u043f&quot;}}]}; line: 1, column: 11] (through reference chain: Entity.From[&quot;ok&quot;])" type="com.fasterxml.jackson.databind.exc.UnrecognizedPropertyException">com.fasterxml.jackson.databind.exc.UnrecognizedPropertyException: Unrecognized field &quot;ok&quot; (class Entity.From), not marked as ignorable (6 known properties: &quot;is_bot&quot;, &quot;language_code&quot;, &quot;username&quot;, &quot;first_name&quot;, &quot;id&quot;, &quot;last_name&quot;])
 at [Source: {&quot;ok&quot;:true,&quot;result&quot;:[{&quot;update_id&quot;:606267422,
&quot;message&quot;:{&quot;message_id&quot;:170,&quot;from&quot;:{&quot;id&quot;:181695409,&quot;is_bot&quot;:false,&quot;first_name&quot;:&quot;HearthWarrio&quot;,&quot;username&quot;:&quot;HearthWarrio&quot;,&quot;language_code&quot;:&quot;ru&quot;},&quot;chat&quot;:{&quot;id&quot;:181695409,&quot;first_name&quot;:&quot;HearthWarrio&quot;,&quot;username&quot;:&quot;HearthWarrio&quot;,&quot;type&quot;:&quot;private&quot;},&quot;date&quot;:1603977550,&quot;text&quot;:&quot;/help&quot;,&quot;entities&quot;:[{&quot;offset&quot;:0,&quot;length&quot;:5,&quot;type&quot;:&quot;bot_command&quot;}]}},{&quot;update_id&quot;:606267423,
&quot;message&quot;:{&quot;message_id&quot;:171,&quot;from&quot;:{&quot;id&quot;:583999720,&quot;is_bot&quot;:false,&quot;first_name&quot;:&quot;\u041d\u0438\u043a\u0438\u0442\u0430&quot;,&quot;last_name&quot;:&quot;\u0420\u0430\u0437\u0443\u0432\u0430\u0435\u0432&quot;,&quot;username&quot;:&quot;neksword&quot;,&quot;language_code&quot;:&quot;en&quot;},&quot;chat&quot;:{&quot;id&quot;:583999720,&quot;first_name&quot;:&quot;\u041d\u0438\u043a\u0438\u0442\u0430&quot;,&quot;last_name&quot;:&quot;\u0420\u0430\u0437\u0443\u0432\u0430\u0435\u0432&quot;,&quot;username&quot;:&quot;neksword&quot;,&quot;type&quot;:&quot;private&quot;},&quot;date&quot;:1603977582,&quot;text&quot;:&quot;\u044b\u0446\u043f\u044b\u0446\u043f&quot;}},{&quot;update_id&quot;:606267424,
&quot;message&quot;:{&quot;message_id&quot;:172,&quot;from&quot;:{&quot;id&quot;:583999720,&quot;is_bot&quot;:false,&quot;first_name&quot;:&quot;\u041d\u0438\u043a\u0438\u0442\u0430&quot;,&quot;last_name&quot;:&quot;\u0420\u0430\u0437\u0443\u0432\u0430\u0435\u0432&quot;,&quot;username&quot;:&quot;neksword&quot;,&quot;language_code&quot;:&quot;en&quot;},&quot;chat&quot;:{&quot;id&quot;:583999720,&quot;first_name&quot;:&quot;\u041d\u0438\u043a\u0438\u0442\u0430&quot;,&quot;last_name&quot;:&quot;\u0420\u0430\u0437\u0443\u0432\u0430\u0435\u0432&quot;,&quot;username&quot;:&quot;neksword&quot;,&quot;type&quot;:&quot;private&quot;},&quot;date&quot;:1603977582,&quot;text&quot;:&quot;\u043f&quot;}},{&quot;update_id&quot;:606267425,
&quot;message&quot;:{&quot;message_id&quot;:173,&quot;from&quot;:{&quot;id&quot;:583999720,&quot;is_bot&quot;:false,&quot;first_name&quot;:&quot;\u041d\u0438\u043a\u0438\u0442\u0430&quot;,&quot;last_name&quot;:&quot;\u0420\u0430\u0437\u0443\u0432\u0430\u0435\u0432&quot;,&quot;username&quot;:&quot;neksword&quot;,&quot;language_code&quot;:&quot;en&quot;},&quot;chat&quot;:{&quot;id&quot;:583999720,&quot;first_name&quot;:&quot;\u041d\u0438\u043a\u0438\u0442\u0430&quot;,&quot;last_name&quot;:&quot;\u0420\u0430\u0437\u0443\u0432\u0430\u0435\u0432&quot;,&quot;username&quot;:&quot;neksword&quot;,&quot;type&quot;:&quot;private&quot;},&quot;date&quot;:1603977582,&quot;text&quot;:&quot;\u0443\u043a\u043f\u0443&quot;}},{&quot;update_id&quot;:606267426,
&quot;message&quot;:{&quot;message_id&quot;:174,&quot;from&quot;:{&quot;id&quot;:583999720,&quot;is_bot&quot;:false,&quot;first_name&quot;:&quot;\u041d\u0438\u043a\u0438\u0442\u0430&quot;,&quot;last_name&quot;:&quot;\u0420\u0430\u0437\u0443\u0432\u0430\u0435\u0432&quot;,&quot;username&quot;:&quot;neksword&quot;,&quot;language_code&quot;:&quot;en&quot;},&quot;chat&quot;:{&quot;id&quot;:583999720,&quot;first_name&quot;:&quot;\u041d\u0438\u043a\u0438\u0442\u0430&quot;,&quot;last_name&quot;:&quot;\u0420\u0430\u0437\u0443\u0432\u0430\u0435\u0432&quot;,&quot;username&quot;:&quot;neksword&quot;,&quot;type&quot;:&quot;private&quot;},&quot;date&quot;:1603977583,&quot;text&quot;:&quot;\u043f&quot;}},{&quot;update_id&quot;:606267427,
&quot;message&quot;:{&quot;message_id&quot;:175,&quot;from&quot;:{&quot;id&quot;:583999720,&quot;is_bot&quot;:false,&quot;first_name&quot;:&quot;\u041d\u0438\u043a\u0438\u0442\u0430&quot;,&quot;last_name&quot;:&quot;\u0420\u0430\u0437\u0443\u0432\u0430\u0435\u0432&quot;,&quot;username&quot;:&quot;neksword&quot;,&quot;language_code&quot;:&quot;en&quot;},&quot;chat&quot;:{&quot;id&quot;:583999720,&quot;first_name&quot;:&quot;\u041d\u0438\u043a\u0438\u0442\u0430&quot;,&quot;last_name&quot;:&quot;\u0420\u0430\u0437\u0443\u0432\u0430\u0435\u0432&quot;,&quot;username&quot;:&quot;neksword&quot;,&quot;type&quot;:&quot;private&quot;},&quot;date&quot;:1603977583,&quot;text&quot;:&quot;\u0443\u043f&quot;}},{&quot;update_id&quot;:606267428,
&quot;message&quot;:{&quot;message_id&quot;:176,&quot;from&quot;:{&quot;id&quot;:583999720,&quot;is_bot&quot;:false,&quot;first_name&quot;:&quot;\u041d\u0438\u043a\u0438\u0442\u0430&quot;,&quot;last_name&quot;:&quot;\u0420\u0430\u0437\u0443\u0432\u0430\u0435\u0432&quot;,&quot;username&quot;:&quot;neksword&quot;,&quot;language_code&quot;:&quot;en&quot;},&quot;chat&quot;:{&quot;id&quot;:583999720,&quot;first_name&quot;:&quot;\u041d\u0438\u043a\u0438\u0442\u0430&quot;,&quot;last_name&quot;:&quot;\u0420\u0430\u0437\u0443\u0432\u0430\u0435\u0432&quot;,&quot;username&quot;:&quot;neksword&quot;,&quot;type&quot;:&quot;private&quot;},&quot;date&quot;:1603977583,&quot;text&quot;:&quot;\u0443&quot;}},{&quot;update_id&quot;:606267429,
&quot;message&quot;:{&quot;message_id&quot;:177,&quot;from&quot;:{&quot;id&quot;:583999720,&quot;is_bot&quot;:false,&quot;first_name&quot;:&quot;\u041d\u0438\u043a\u0438\u0442\u0430&quot;,&quot;last_name&quot;:&quot;\u0420\u0430\u0437\u0443\u0432\u0430\u0435\u0432&quot;,&quot;username&quot;:&quot;neksword&quot;,&quot;language_code&quot;:&quot;en&quot;},&quot;chat&quot;:{&quot;id&quot;:583999720,&quot;first_name&quot;:&quot;\u041d\u0438\u043a\u0438\u0442\u0430&quot;,&quot;last_name&quot;:&quot;\u0420\u0430\u0437\u0443\u0432\u0430\u0435\u0432&quot;,&quot;username&quot;:&quot;neksword&quot;,&quot;type&quot;:&quot;private&quot;},&quot;date&quot;:1603977583,&quot;text&quot;:&quot;\u043f\u0443&quot;}},{&quot;update_id&quot;:606267430,
&quot;message&quot;:{&quot;message_id&quot;:178,&quot;from&quot;:{&quot;id&quot;:583999720,&quot;is_bot&quot;:false,&quot;first_name&quot;:&quot;\u041d\u0438\u043a\u0438\u0442\u0430&quot;,&quot;last_name&quot;:&quot;\u0420\u0430\u0437\u0443\u0432\u0430\u0435\u0432&quot;,&quot;username&quot;:&quot;neksword&quot;,&quot;language_code&quot;:&quot;en&quot;},&quot;chat&quot;:{&quot;id&quot;:583999720,&quot;first_name&quot;:&quot;\u041d\u0438\u043a\u0438\u0442\u0430&quot;,&quot;last_name&quot;:&quot;\u0420\u0430\u0437\u0443\u0432\u0430\u0435\u0432&quot;,&quot;username&quot;:&quot;neksword&quot;,&quot;type&quot;:&quot;private&quot;},&quot;date&quot;:1603977583,&quot;text&quot;:&quot;\u043f&quot;}},{&quot;update_id&quot;:606267431,
&quot;message&quot;:{&quot;message_id&quot;:179,&quot;from&quot;:{&quot;id&quot;:583999720,&quot;is_bot&quot;:false,&quot;first_name&quot;:&quot;\u041d\u0438\u043a\u0438\u0442\u0430&quot;,&quot;last_name&quot;:&quot;\u0420\u0430\u0437\u0443\u0432\u0430\u0435\u0432&quot;,&quot;username&quot;:&quot;neksword&quot;,&quot;language_code&quot;:&quot;en&quot;},&quot;chat&quot;:{&quot;id&quot;:583999720,&quot;first_name&quot;:&quot;\u041d\u0438\u043a\u0438\u0442\u0430&quot;,&quot;last_name&quot;:&quot;\u0420\u0430\u0437\u0443\u0432\u0430\u0435\u0432&quot;,&quot;username&quot;:&quot;neksword&quot;,&quot;type&quot;:&quot;private&quot;},&quot;date&quot;:1603977583,&quot;text&quot;:&quot;\u0443&quot;}},{&quot;update_id&quot;:606267432,
&quot;message&quot;:{&quot;message_id&quot;:180,&quot;from&quot;:{&quot;id&quot;:583999720,&quot;is_bot&quot;:false,&quot;first_name&quot;:&quot;\u041d\u0438\u043a\u0438\u0442\u0430&quot;,&quot;last_name&quot;:&quot;\u0420\u0430\u0437\u0443\u0432\u0430\u0435\u0432&quot;,&quot;username&quot;:&quot;neksword&quot;,&quot;language_code&quot;:&quot;en&quot;},&quot;chat&quot;:{&quot;id&quot;:583999720,&quot;first_name&quot;:&quot;\u041d\u0438\u043a\u0438\u0442\u0430&quot;,&quot;last_name&quot;:&quot;\u0420\u0430\u0437\u0443\u0432\u0430\u0435\u0432&quot;,&quot;username&quot;:&quot;neksword&quot;,&quot;type&quot;:&quot;private&quot;},&quot;date&quot;:1603977585,&quot;text&quot;:&quot;\u043f\u0443\u043f&quot;}}]}; line: 1, column: 11] (through reference chain: Entity.From[&quot;ok&quot;])
	at com.fasterxml.jackson.databind.exc.UnrecognizedPropertyException.from(UnrecognizedPropertyException.java:62)
	at com.fasterxml.jackson.databind.DeserializationContext.handleUnknownProperty(DeserializationContext.java:834)
	at com.fasterxml.jackson.databind.deser.std.StdDeserializer.handleUnknownProperty(StdDeserializer.java:1093)
	at com.fasterxml.jackson.databind.deser.BeanDeserializerBase.handleUnknownProperty(BeanDeserializerBase.java:1485)
	at com.fasterxml.jackson.databind.deser.BeanDeserializerBase.handleUnknownVanilla(BeanDeserializerBase.java:1463)
	at com.fasterxml.jackson.databind.deser.BeanDeserializer.vanillaDeserialize(BeanDeserializer.java:282)
	at com.fasterxml.jackson.databind.deser.BeanDeserializer.deserialize(BeanDeserializer.java:140)
	at com.fasterxml.jackson.databind.ObjectMapper._readMapAndClose(ObjectMapper.java:3798)
	at com.fasterxml.jackson.databind.ObjectMapper.readValue(ObjectMapper.java:2880)
	at com.fasterxml.jackson.databind.ObjectMapper$readValue$0.call(Unknown Source)
	at org.codehaus.groovy.runtime.callsite.CallSiteArray.defaultCall(CallSiteArray.java:47)
	at org.codehaus.groovy.runtime.callsite.AbstractCallSite.call(AbstractCallSite.java:115)
	at org.codehaus.groovy.runtime.callsite.AbstractCallSite.call(AbstractCallSite.java:135)
	at io.restassured.internal.path.json.mapping.JsonPathJackson2ObjectDeserializer.deserialize(JsonPathJackson2ObjectDeserializer.groovy:46)
	at io.restassured.path.json.mapping.JsonPathObjectDeserializer$deserialize.call(Unknown Source)
	at org.codehaus.groovy.runtime.callsite.CallSiteArray.defaultCall(CallSiteArray.java:47)
	at org.codehaus.groovy.runtime.callsite.AbstractCallSite.call(AbstractCallSite.java:115)
	at org.codehaus.groovy.runtime.callsite.AbstractCallSite.call(AbstractCallSite.java:127)
	at io.restassured.internal.mapping.Jackson2Mapper.deserialize(Jackson2Mapper.groovy:58)
	at io.restassured.mapper.ObjectMapper$deserialize.call(Unknown Source)
	at org.codehaus.groovy.runtime.callsite.CallSiteArray.defaultCall(CallSiteArray.java:47)
	at org.codehaus.groovy.runtime.callsite.AbstractCallSite.call(AbstractCallSite.java:115)
	at org.codehaus.groovy.runtime.callsite.AbstractCallSite.call(AbstractCallSite.java:127)
	at io.restassured.internal.mapping.ObjectMapping.parseWithJackson2(ObjectMapping.groovy:221)
	at io.restassured.internal.mapping.ObjectMapping$parseWithJackson2$0.callStatic(Unknown Source)
	at org.codehaus.groovy.runtime.callsite.CallSiteArray.defaultCallStatic(CallSiteArray.java:55)
	at org.codehaus.groovy.runtime.callsite.AbstractCallSite.callStatic(AbstractCallSite.java:196)
	at org.codehaus.groovy.runtime.callsite.AbstractCallSite.callStatic(AbstractCallSite.java:216)
	at io.restassured.internal.mapping.ObjectMapping.deserialize(ObjectMapping.groovy:58)
	at io.restassured.internal.mapping.ObjectMapping$deserialize.call(Unknown Source)
	at org.codehaus.groovy.runtime.callsite.CallSiteArray.defaultCall(CallSiteArray.java:47)
	at org.codehaus.groovy.runtime.callsite.AbstractCallSite.call(AbstractCallSite.java:115)
	at io.restassured.internal.RestAssuredResponseOptionsGroovyImpl.as(RestAssuredResponseOptionsGroovyImpl.groovy:224)
	at io.restassured.internal.RestAssuredResponseOptionsImpl.as(RestAssuredResponseOptionsImpl.java:169)
	at TestClass.DoTest(TestClass.java:12)
	at java.base/jdk.internal.reflect.NativeMethodAccessorImpl.invoke0(Native Method)
	at java.base/jdk.internal.reflect.NativeMethodAccessorImpl.invoke(NativeMethodAccessorImpl.java:62)
	at java.base/jdk.internal.reflect.DelegatingMethodAccessorImpl.invoke(DelegatingMethodAccessorImpl.java:43)
	at java.base/java.lang.reflect.Method.invoke(Method.java:567)
	at org.junit.runners.model.FrameworkMethod$1.runReflectiveCall(FrameworkMethod.java:59)
	at org.junit.internal.runners.model.ReflectiveCallable.run(ReflectiveCallable.java:12)
	at org.junit.runners.model.FrameworkMethod.invokeExplosively(FrameworkMethod.java:56)
	at org.junit.internal.runners.statements.InvokeMethod.evaluate(InvokeMethod.java:17)
	at org.junit.runners.ParentRunner$3.evaluate(ParentRunner.java:306)
	at org.junit.runners.BlockJUnit4ClassRunner$1.evaluate(BlockJUnit4ClassRunner.java:100)
	at org.junit.runners.ParentRunner.runLeaf(ParentRunner.java:366)
	at org.junit.runners.BlockJUnit4ClassRunner.runChild(BlockJUnit4ClassRunner.java:103)
	at org.junit.runners.BlockJUnit4ClassRunner.runChild(BlockJUnit4ClassRunner.java:63)
	at org.junit.runners.ParentRunner$4.run(ParentRunner.java:331)
	at org.junit.runners.ParentRunner$1.schedule(ParentRunner.java:79)
	at org.junit.runners.ParentRunner.runChildren(ParentRunner.java:329)
	at org.junit.runners.ParentRunner.access$100(ParentRunner.java:66)
	at org.junit.runners.ParentRunner$2.evaluate(ParentRunner.java:293)
	at org.junit.runners.ParentRunner$3.evaluate(ParentRunner.java:306)
	at org.junit.runners.ParentRunner.run(ParentRunner.java:413)
	at org.apache.maven.surefire.junit4.JUnit4Provider.execute(JUnit4Provider.java:252)
	at org.apache.maven.surefire.junit4.JUnit4Provider.executeTestSet(JUnit4Provider.java:141)
	at org.apache.maven.surefire.junit4.JUnit4Provider.invoke(JUnit4Provider.java:112)
	at java.base/jdk.internal.reflect.NativeMethodAccessorImpl.invoke0(Native Method)
	at java.base/jdk.internal.reflect.NativeMethodAccessorImpl.invoke(NativeMethodAccessorImpl.java:62)
	at java.base/jdk.internal.reflect.DelegatingMethodAccessorImpl.invoke(DelegatingMethodAccessorImpl.java:43)
	at java.base/java.lang.reflect.Method.invoke(Method.java:567)
	at org.apache.maven.surefire.util.ReflectionUtils.invokeMethodWithArray(ReflectionUtils.java:189)
	at org.apache.maven.surefire.booter.ProviderFactory$ProviderProxy.invoke(ProviderFactory.java:165)
	at org.apache.maven.surefire.booter.ProviderFactory.invokeProvider(ProviderFactory.java:85)
	at org.apache.maven.surefire.booter.ForkedBooter.runSuitesInProcess(ForkedBooter.java:115)
	at org.apache.maven.surefire.booter.ForkedBooter.main(ForkedBooter.java:75)
</error>
  </testcase>
</testsuite>